<?xml version="1.0" encoding="UTF-8"?>
<testsuite name="ru.stqa.pft.addressbook.tests.ContactDeletionTests" tests="1" skipped="0" failures="0" errors="0" timestamp="2022-01-31T05:16:10" hostname="VRN118" time="5.571">
  <properties/>
  <testcase name="contactDeleteTest" classname="ru.stqa.pft.addressbook.tests.ContactDeletionTests" time="5.571"/>
  <system-out><![CDATA[08:16:10.371 [Test worker] INFO  ru.stqa.pft.addressbook.TestBase - Start testcontactDeleteTestwith parameters []
Hibernate: select contact0_.id as id1_1_, contact0_.address as address2_1_, contact0_.email as email3_1_, contact0_.email2 as email4_1_, contact0_.email3 as email5_1_, contact0_.home as home6_1_, contact0_.lastName as lastname7_1_, contact0_.mobile as mobile8_1_, contact0_.firstname as firstnam9_1_, contact0_.photo as photo10_1_, contact0_.middlename as middlen11_1_, contact0_.work as work12_1_ from addressbook contact0_ where deprecated='0000-00-00'
Hibernate: select groups0_.id as id1_0_0_, groups0_.group_id as group_id2_0_0_, group1_.group_id as group_id1_2_1_, group1_.group_footer as group_fo2_2_1_, group1_.group_header as group_he3_2_1_, group1_.group_name as group_na4_2_1_ from address_in_groups groups0_ inner join group_list group1_ on groups0_.group_id=group1_.group_id where groups0_.id=?
Hibernate: select groups0_.id as id1_0_0_, groups0_.group_id as group_id2_0_0_, group1_.group_id as group_id1_2_1_, group1_.group_footer as group_fo2_2_1_, group1_.group_header as group_he3_2_1_, group1_.group_name as group_na4_2_1_ from address_in_groups groups0_ inner join group_list group1_ on groups0_.group_id=group1_.group_id where groups0_.id=?
Hibernate: select groups0_.id as id1_0_0_, groups0_.group_id as group_id2_0_0_, group1_.group_id as group_id1_2_1_, group1_.group_footer as group_fo2_2_1_, group1_.group_header as group_he3_2_1_, group1_.group_name as group_na4_2_1_ from address_in_groups groups0_ inner join group_list group1_ on groups0_.group_id=group1_.group_id where groups0_.id=?
Hibernate: select groups0_.id as id1_0_0_, groups0_.group_id as group_id2_0_0_, group1_.group_id as group_id1_2_1_, group1_.group_footer as group_fo2_2_1_, group1_.group_header as group_he3_2_1_, group1_.group_name as group_na4_2_1_ from address_in_groups groups0_ inner join group_list group1_ on groups0_.group_id=group1_.group_id where groups0_.id=?
Hibernate: select groups0_.id as id1_0_0_, groups0_.group_id as group_id2_0_0_, group1_.group_id as group_id1_2_1_, group1_.group_footer as group_fo2_2_1_, group1_.group_header as group_he3_2_1_, group1_.group_name as group_na4_2_1_ from address_in_groups groups0_ inner join group_list group1_ on groups0_.group_id=group1_.group_id where groups0_.id=?
Hibernate: select groups0_.id as id1_0_0_, groups0_.group_id as group_id2_0_0_, group1_.group_id as group_id1_2_1_, group1_.group_footer as group_fo2_2_1_, group1_.group_header as group_he3_2_1_, group1_.group_name as group_na4_2_1_ from address_in_groups groups0_ inner join group_list group1_ on groups0_.group_id=group1_.group_id where groups0_.id=?
Hibernate: select groups0_.id as id1_0_0_, groups0_.group_id as group_id2_0_0_, group1_.group_id as group_id1_2_1_, group1_.group_footer as group_fo2_2_1_, group1_.group_header as group_he3_2_1_, group1_.group_name as group_na4_2_1_ from address_in_groups groups0_ inner join group_list group1_ on groups0_.group_id=group1_.group_id where groups0_.id=?
Hibernate: select contact0_.id as id1_1_, contact0_.address as address2_1_, contact0_.email as email3_1_, contact0_.email2 as email4_1_, contact0_.email3 as email5_1_, contact0_.home as home6_1_, contact0_.lastName as lastname7_1_, contact0_.mobile as mobile8_1_, contact0_.firstname as firstnam9_1_, contact0_.photo as photo10_1_, contact0_.middlename as middlen11_1_, contact0_.work as work12_1_ from addressbook contact0_ where deprecated='0000-00-00'
Hibernate: select groups0_.id as id1_0_0_, groups0_.group_id as group_id2_0_0_, group1_.group_id as group_id1_2_1_, group1_.group_footer as group_fo2_2_1_, group1_.group_header as group_he3_2_1_, group1_.group_name as group_na4_2_1_ from address_in_groups groups0_ inner join group_list group1_ on groups0_.group_id=group1_.group_id where groups0_.id=?
Hibernate: select groups0_.id as id1_0_0_, groups0_.group_id as group_id2_0_0_, group1_.group_id as group_id1_2_1_, group1_.group_footer as group_fo2_2_1_, group1_.group_header as group_he3_2_1_, group1_.group_name as group_na4_2_1_ from address_in_groups groups0_ inner join group_list group1_ on groups0_.group_id=group1_.group_id where groups0_.id=?
Hibernate: select groups0_.id as id1_0_0_, groups0_.group_id as group_id2_0_0_, group1_.group_id as group_id1_2_1_, group1_.group_footer as group_fo2_2_1_, group1_.group_header as group_he3_2_1_, group1_.group_name as group_na4_2_1_ from address_in_groups groups0_ inner join group_list group1_ on groups0_.group_id=group1_.group_id where groups0_.id=?
Hibernate: select groups0_.id as id1_0_0_, groups0_.group_id as group_id2_0_0_, group1_.group_id as group_id1_2_1_, group1_.group_footer as group_fo2_2_1_, group1_.group_header as group_he3_2_1_, group1_.group_name as group_na4_2_1_ from address_in_groups groups0_ inner join group_list group1_ on groups0_.group_id=group1_.group_id where groups0_.id=?
Hibernate: select groups0_.id as id1_0_0_, groups0_.group_id as group_id2_0_0_, group1_.group_id as group_id1_2_1_, group1_.group_footer as group_fo2_2_1_, group1_.group_header as group_he3_2_1_, group1_.group_name as group_na4_2_1_ from address_in_groups groups0_ inner join group_list group1_ on groups0_.group_id=group1_.group_id where groups0_.id=?
Hibernate: select groups0_.id as id1_0_0_, groups0_.group_id as group_id2_0_0_, group1_.group_id as group_id1_2_1_, group1_.group_footer as group_fo2_2_1_, group1_.group_header as group_he3_2_1_, group1_.group_name as group_na4_2_1_ from address_in_groups groups0_ inner join group_list group1_ on groups0_.group_id=group1_.group_id where groups0_.id=?
Hibernate: select groups0_.id as id1_0_0_, groups0_.group_id as group_id2_0_0_, group1_.group_id as group_id1_2_1_, group1_.group_footer as group_fo2_2_1_, group1_.group_header as group_he3_2_1_, group1_.group_name as group_na4_2_1_ from address_in_groups groups0_ inner join group_list group1_ on groups0_.group_id=group1_.group_id where groups0_.id=?
Hibernate: select contact0_.id as id1_1_, contact0_.address as address2_1_, contact0_.email as email3_1_, contact0_.email2 as email4_1_, contact0_.email3 as email5_1_, contact0_.home as home6_1_, contact0_.lastName as lastname7_1_, contact0_.mobile as mobile8_1_, contact0_.firstname as firstnam9_1_, contact0_.photo as photo10_1_, contact0_.middlename as middlen11_1_, contact0_.work as work12_1_ from addressbook contact0_ where deprecated='0000-00-00'
Hibernate: select groups0_.id as id1_0_0_, groups0_.group_id as group_id2_0_0_, group1_.group_id as group_id1_2_1_, group1_.group_footer as group_fo2_2_1_, group1_.group_header as group_he3_2_1_, group1_.group_name as group_na4_2_1_ from address_in_groups groups0_ inner join group_list group1_ on groups0_.group_id=group1_.group_id where groups0_.id=?
Hibernate: select groups0_.id as id1_0_0_, groups0_.group_id as group_id2_0_0_, group1_.group_id as group_id1_2_1_, group1_.group_footer as group_fo2_2_1_, group1_.group_header as group_he3_2_1_, group1_.group_name as group_na4_2_1_ from address_in_groups groups0_ inner join group_list group1_ on groups0_.group_id=group1_.group_id where groups0_.id=?
Hibernate: select groups0_.id as id1_0_0_, groups0_.group_id as group_id2_0_0_, group1_.group_id as group_id1_2_1_, group1_.group_footer as group_fo2_2_1_, group1_.group_header as group_he3_2_1_, group1_.group_name as group_na4_2_1_ from address_in_groups groups0_ inner join group_list group1_ on groups0_.group_id=group1_.group_id where groups0_.id=?
Hibernate: select groups0_.id as id1_0_0_, groups0_.group_id as group_id2_0_0_, group1_.group_id as group_id1_2_1_, group1_.group_footer as group_fo2_2_1_, group1_.group_header as group_he3_2_1_, group1_.group_name as group_na4_2_1_ from address_in_groups groups0_ inner join group_list group1_ on groups0_.group_id=group1_.group_id where groups0_.id=?
Hibernate: select groups0_.id as id1_0_0_, groups0_.group_id as group_id2_0_0_, group1_.group_id as group_id1_2_1_, group1_.group_footer as group_fo2_2_1_, group1_.group_header as group_he3_2_1_, group1_.group_name as group_na4_2_1_ from address_in_groups groups0_ inner join group_list group1_ on groups0_.group_id=group1_.group_id where groups0_.id=?
Hibernate: select groups0_.id as id1_0_0_, groups0_.group_id as group_id2_0_0_, group1_.group_id as group_id1_2_1_, group1_.group_footer as group_fo2_2_1_, group1_.group_header as group_he3_2_1_, group1_.group_name as group_na4_2_1_ from address_in_groups groups0_ inner join group_list group1_ on groups0_.group_id=group1_.group_id where groups0_.id=?
08:16:15.953 [Test worker] INFO  ru.stqa.pft.addressbook.TestBase - Stop test contactDeleteTest
]]></system-out>
  <system-err><![CDATA[]]></system-err>
</testsuite>
